<?xml version="1.0" encoding="UTF-8"?>
<!-- Generated by org.testng.reporters.JUnitReportReporter -->
<testsuite skipped="0" hostname="AJITH" name="FaceBk.gt" tests="1" failures="0" timestamp="31 Mar 2022 15:20:42 GMT" time="0.015" errors="0">
  <testcase name="test1" time="0.015" classname="FaceBk.gt"/>
</testsuite> <!-- FaceBk.gt -->
