<?xml version="1.0" encoding="UTF-8"?>
<!-- Generated by org.testng.reporters.JUnitReportReporter -->
<testsuite skipped="0" hostname="AJITH" name="org.hotel.BrowserLaunch" tests="5" failures="0" timestamp="29 Mar 2022 16:05:54 GMT" time="13.782" errors="0">
  <testcase name="test2" time="2.691" classname="org.hotel.BrowserLaunch"/>
  <testcase name="test3" time="2.066" classname="org.hotel.BrowserLaunch"/>
  <testcase name="test4" time="1.422" classname="org.hotel.BrowserLaunch"/>
  <testcase name="test5" time="5.741" classname="org.hotel.BrowserLaunch"/>
  <testcase name="test1" time="1.862" classname="org.hotel.BrowserLaunch"/>
</testsuite> <!-- org.hotel.BrowserLaunch -->
