<?xml version="1.0" encoding="UTF-8"?>
<!-- Generated by org.testng.reporters.JUnitReportReporter -->
<testsuite skipped="0" hostname="AJITH" name="org.parallel.a" tests="9" failures="0" timestamp="05 Apr 2022 09:38:16 GMT" time="0.218" errors="0">
  <testcase name="A3" time="0.043" classname="org.parallel.a"/>
  <testcase name="A3" time="0.025" classname="org.parallel.a"/>
  <testcase name="A1" time="0.025" classname="org.parallel.a"/>
  <testcase name="A1" time="0.005" classname="org.parallel.a"/>
  <testcase name="A3" time="0.024" classname="org.parallel.a"/>
  <testcase name="A2" time="0.003" classname="org.parallel.a"/>
  <testcase name="A1" time="0.002" classname="org.parallel.a"/>
  <testcase name="A2" time="0.030" classname="org.parallel.a"/>
  <testcase name="A2" time="0.061" classname="org.parallel.a"/>
</testsuite> <!-- org.parallel.a -->
