<?xml version="1.0" encoding="UTF-8"?>
<!-- Generated by org.testng.reporters.JUnitReportReporter -->
<testsuite skipped="0" hostname="AJITH" name="revision.Methods3" tests="6" failures="0" timestamp="09 Apr 2022 08:25:52 GMT" time="0.037" errors="0">
  <testcase name="t4" time="0.010" classname="revision.Methods3"/>
  <testcase name="t4" time="0.006" classname="revision.Methods3"/>
  <testcase name="t4" time="0.004" classname="revision.Methods3"/>
  <testcase name="t3" time="0.005" classname="revision.Methods3"/>
  <testcase name="t2" time="0.007" classname="revision.Methods3"/>
  <testcase name="t1" time="0.005" classname="revision.Methods3"/>
</testsuite> <!-- revision.Methods3 -->
