<?xml version="1.0" encoding="UTF-8"?>
<!-- Generated by org.testng.reporters.JUnitReportReporter -->
<testsuite skipped="0" hostname="AJITH" name="org.hotel2.BrowserLaunch" tests="5" failures="0" timestamp="31 Mar 2022 18:21:27 GMT" time="13.838" errors="0">
  <testcase name="t5" time="5.899" classname="org.hotel2.BrowserLaunch"/>
  <testcase name="t3" time="1.360" classname="org.hotel2.BrowserLaunch"/>
  <testcase name="t1" time="1.969" classname="org.hotel2.BrowserLaunch"/>
  <testcase name="t4" time="1.482" classname="org.hotel2.BrowserLaunch"/>
  <testcase name="t2" time="3.128" classname="org.hotel2.BrowserLaunch"/>
</testsuite> <!-- org.hotel2.BrowserLaunch -->
