<?xml version="1.0" encoding="UTF-8"?>
<!-- Generated by org.testng.reporters.JUnitReportReporter -->
<testsuite skipped="0" hostname="AJITH" name="revision.Day2" tests="4" failures="0" timestamp="09 Apr 2022 13:08:25 GMT" time="34.271" errors="0">
  <testcase name="t4" time="8.613" classname="revision.Day2"/>
  <testcase name="t3" time="8.633" classname="revision.Day2"/>
  <testcase name="t2" time="7.637" classname="revision.Day2"/>
  <testcase name="t1" time="9.388" classname="revision.Day2"/>
</testsuite> <!-- revision.Day2 -->
