<?xml version="1.0" encoding="UTF-8"?>
<!-- Generated by org.testng.reporters.JUnitReportReporter -->
<testsuite skipped="0" hostname="AJITH" name="org.ubuy.rerunWithKnownOut.BrowserLaunch" tests="3" failures="0" timestamp="08 Apr 2022 03:09:58 GMT" time="187.839" errors="0">
  <testcase name="t1" time="103.087" classname="org.ubuy.rerunWithKnownOut.BrowserLaunch"/>
  <testcase name="t2" time="36.797" classname="org.ubuy.rerunWithKnownOut.BrowserLaunch"/>
  <testcase name="t2" time="47.955" classname="org.ubuy.rerunWithKnownOut.BrowserLaunch"/>
</testsuite> <!-- org.ubuy.rerunWithKnownOut.BrowserLaunch -->
