<?xml version="1.0" encoding="UTF-8"?>
<!-- Generated by org.testng.reporters.JUnitReportReporter -->
<testsuite skipped="2" hostname="AJITH" name="org.suitee.suite" tests="4" failures="0" timestamp="07 Apr 2022 07:34:06 GMT" time="11.647" errors="0">
  <testcase name="test1" time="4.151" classname="org.suitee.suite">
    <skipped/>
  </testcase> <!-- test1 -->
  <testcase name="test1" time="3.730" classname="org.suitee.suite"/>
  <testcase name="test2" time="0.003" classname="org.suitee.suite"/>
  <testcase name="test1" time="3.763" classname="org.suitee.suite">
    <skipped/>
  </testcase> <!-- test1 -->
</testsuite> <!-- org.suitee.suite -->
