<?xml version="1.0" encoding="UTF-8"?>
<!-- Generated by org.testng.reporters.JUnitReportReporter -->
<testsuite skipped="0" hostname="AJITH" name="org.ubuy.excel.BrowserLaunch" tests="4" failures="0" timestamp="09 Apr 2022 17:27:51 GMT" time="201.055" errors="0">
  <testcase name="t2" time="58.135" classname="org.ubuy.excel.BrowserLaunch"/>
  <testcase name="t2" time="55.934" classname="org.ubuy.excel.BrowserLaunch"/>
  <testcase name="t2" time="43.355" classname="org.ubuy.excel.BrowserLaunch"/>
  <testcase name="t2" time="43.631" classname="org.ubuy.excel.BrowserLaunch"/>
</testsuite> <!-- org.ubuy.excel.BrowserLaunch -->
