<?xml version="1.0" encoding="UTF-8"?>
<!-- Generated by org.testng.reporters.JUnitReportReporter -->
<testsuite skipped="0" hostname="AJITH" name="org.Flipkart.Flipkart" tests="1" failures="0" timestamp="30 Mar 2022 03:08:54 GMT" time="0.476" errors="0">
  <testcase name="login" time="0.476" classname="org.Flipkart.Flipkart"/>
</testsuite> <!-- org.Flipkart.Flipkart -->
