<?xml version="1.0" encoding="UTF-8"?>
<!-- Generated by org.testng.reporters.JUnitReportReporter -->
<testsuite skipped="0" hostname="AJITH" name="org.parallel.c" tests="9" failures="0" timestamp="05 Apr 2022 09:38:16 GMT" time="0.147" errors="0">
  <testcase name="C3" time="0.025" classname="org.parallel.c"/>
  <testcase name="C2" time="0.016" classname="org.parallel.c"/>
  <testcase name="C1" time="0.005" classname="org.parallel.c"/>
  <testcase name="C2" time="0.010" classname="org.parallel.c"/>
  <testcase name="C1" time="0.030" classname="org.parallel.c"/>
  <testcase name="C2" time="0.025" classname="org.parallel.c"/>
  <testcase name="C3" time="0.012" classname="org.parallel.c"/>
  <testcase name="C3" time="0.010" classname="org.parallel.c"/>
  <testcase name="C1" time="0.014" classname="org.parallel.c"/>
</testsuite> <!-- org.parallel.c -->
