<?xml version="1.0" encoding="UTF-8"?>
<!-- Generated by org.testng.reporters.JUnitReportReporter -->
<testsuite skipped="0" hostname="AJITH" name="org.groups.c" tests="6" failures="0" timestamp="04 Apr 2022 16:19:25 GMT" time="0.047" errors="0">
  <testcase name="test8" time="0.016" classname="org.groups.c"/>
  <testcase name="test3" time="0.000" classname="org.groups.c"/>
  <testcase name="test5" time="0.016" classname="org.groups.c"/>
  <testcase name="test6" time="0.000" classname="org.groups.c"/>
  <testcase name="test1" time="0.015" classname="org.groups.c"/>
  <testcase name="test9" time="0.000" classname="org.groups.c"/>
</testsuite> <!-- org.groups.c -->
