<?xml version="1.0" encoding="UTF-8"?>
<!-- Generated by org.testng.reporters.JUnitReportReporter -->
<testsuite skipped="0" hostname="AJITH" name="a.fb" tests="1" failures="0" timestamp="10 Apr 2022 14:16:29 GMT" time="24.157" errors="0">
  <testcase name="t1" time="24.157" classname="a.fb"/>
</testsuite> <!-- a.fb -->
