<?xml version="1.0" encoding="UTF-8"?>
<!-- Generated by org.testng.reporters.JUnitReportReporter -->
<testsuite skipped="0" hostname="AJITH" name="org.softAssert.SearchHotel" tests="1" failures="0" timestamp="31 Mar 2022 06:19:12 GMT" time="1.217" errors="0">
  <testcase name="test1" time="1.217" classname="org.softAssert.SearchHotel"/>
</testsuite> <!-- org.softAssert.SearchHotel -->
