<?xml version="1.0" encoding="UTF-8"?>
<!-- Generated by org.testng.reporters.JUnitReportReporter -->
<testsuite skipped="0" hostname="AJITH" name="org.groups.suite" tests="1" failures="0" timestamp="04 Apr 2022 16:18:13 GMT" time="0.031" errors="0">
  <testcase name="test8" time="0.031" classname="org.groups.suite"/>
</testsuite> <!-- org.groups.suite -->
