<?xml version="1.0" encoding="UTF-8"?>
<!-- Generated by org.testng.reporters.JUnitReportReporter -->
<testsuite skipped="0" hostname="AJITH" name="org.parallel.b" tests="9" failures="0" timestamp="05 Apr 2022 09:38:16 GMT" time="0.131" errors="0">
  <testcase name="B2" time="0.037" classname="org.parallel.b"/>
  <testcase name="B1" time="0.000" classname="org.parallel.b"/>
  <testcase name="B1" time="0.005" classname="org.parallel.b"/>
  <testcase name="B2" time="0.030" classname="org.parallel.b"/>
  <testcase name="B3" time="0.005" classname="org.parallel.b"/>
  <testcase name="B1" time="0.030" classname="org.parallel.b"/>
  <testcase name="B3" time="0.002" classname="org.parallel.b"/>
  <testcase name="B3" time="0.014" classname="org.parallel.b"/>
  <testcase name="B2" time="0.008" classname="org.parallel.b"/>
</testsuite> <!-- org.parallel.b -->
