<?xml version="1.0" encoding="UTF-8"?>
<!-- Generated by org.testng.reporters.JUnitReportReporter -->
<testsuite skipped="0" hostname="AJITH" name="revision.Methods" tests="18" failures="0" timestamp="09 Apr 2022 08:25:52 GMT" time="0.130" errors="0">
  <testcase name="t4" time="0.006" classname="revision.Methods"/>
  <testcase name="t4" time="0.006" classname="revision.Methods"/>
  <testcase name="t4" time="0.002" classname="revision.Methods"/>
  <testcase name="t4" time="0.009" classname="revision.Methods"/>
  <testcase name="t4" time="0.015" classname="revision.Methods"/>
  <testcase name="t4" time="0.008" classname="revision.Methods"/>
  <testcase name="t4" time="0.005" classname="revision.Methods"/>
  <testcase name="t4" time="0.003" classname="revision.Methods"/>
  <testcase name="t4" time="0.011" classname="revision.Methods"/>
  <testcase name="t2" time="0.006" classname="revision.Methods"/>
  <testcase name="t3" time="0.009" classname="revision.Methods"/>
  <testcase name="t3" time="0.007" classname="revision.Methods"/>
  <testcase name="t3" time="0.006" classname="revision.Methods"/>
  <testcase name="t2" time="0.012" classname="revision.Methods"/>
  <testcase name="t2" time="0.002" classname="revision.Methods"/>
  <testcase name="t1" time="0.007" classname="revision.Methods"/>
  <testcase name="t1" time="0.007" classname="revision.Methods"/>
  <testcase name="t1" time="0.009" classname="revision.Methods"/>
</testsuite> <!-- revision.Methods -->
