<?xml version="1.0" encoding="UTF-8"?>
<!-- Generated by org.testng.reporters.JUnitReportReporter -->
<testsuite skipped="0" hostname="AJITH" name="org.ubuy.Multi.BrowserLaunch" tests="5" failures="0" timestamp="08 Apr 2022 08:15:44 GMT" time="228.597" errors="0">
  <testcase name="test1" time="43.259" classname="org.ubuy.Multi.BrowserLaunch"/>
  <testcase name="test1" time="45.482" classname="org.ubuy.Multi.BrowserLaunch"/>
  <testcase name="test1" time="27.397" classname="org.ubuy.Multi.BrowserLaunch"/>
  <testcase name="test1" time="31.187" classname="org.ubuy.Multi.BrowserLaunch"/>
  <testcase name="test1" time="81.272" classname="org.ubuy.Multi.BrowserLaunch"/>
</testsuite> <!-- org.ubuy.Multi.BrowserLaunch -->
