<?xml version="1.0" encoding="UTF-8"?>
<!-- Generated by org.testng.reporters.JUnitReportReporter -->
<testsuite skipped="0" hostname="AJITH" name="revision.Day4" tests="4" failures="0" timestamp="09 Apr 2022 13:08:25 GMT" time="34.506" errors="0">
  <testcase name="t4" time="8.001" classname="revision.Day4"/>
  <testcase name="t3" time="8.619" classname="revision.Day4"/>
  <testcase name="t1" time="10.362" classname="revision.Day4"/>
  <testcase name="t2" time="7.524" classname="revision.Day4"/>
</testsuite> <!-- revision.Day4 -->
