<?xml version="1.0" encoding="UTF-8"?>
<!-- Generated by org.testng.reporters.JUnitReportReporter -->
<testsuite skipped="0" hostname="AJITH" name="FaceBk.copy.Lop" tests="5" failures="0" timestamp="05 Apr 2022 06:28:55 GMT" time="271.659" errors="0">
  <testcase name="tes2" time="22.810" classname="FaceBk.copy.Lop"/>
  <testcase name="tes3" time="56.146" classname="FaceBk.copy.Lop"/>
  <testcase name="tes6" time="84.412" classname="FaceBk.copy.Lop"/>
  <testcase name="tes1" time="71.050" classname="FaceBk.copy.Lop"/>
  <testcase name="tes4" time="37.241" classname="FaceBk.copy.Lop"/>
</testsuite> <!-- FaceBk.copy.Lop -->
