<?xml version="1.0" encoding="UTF-8"?>
<!-- Generated by org.testng.reporters.JUnitReportReporter -->
<testsuite skipped="0" hostname="AJITH" name="org.ubuy.Multi.Bl" tests="4" failures="0" timestamp="08 Apr 2022 14:19:28 GMT" time="110.082" errors="0">
  <testcase name="t1" time="24.793" classname="org.ubuy.Multi.Bl"/>
  <testcase name="t1" time="24.937" classname="org.ubuy.Multi.Bl"/>
  <testcase name="t1" time="30.839" classname="org.ubuy.Multi.Bl"/>
  <testcase name="t1" time="29.513" classname="org.ubuy.Multi.Bl"/>
</testsuite> <!-- org.ubuy.Multi.Bl -->
